<?xml version="1.0" encoding="UTF-8"?>
<testng-results ignored="0" total="1" passed="1" failed="0" skipped="0">
  <reporter-output>
  </reporter-output>
  <suite started-at="2022-10-20T18:34:10 IST" name="Default suite" finished-at="2022-10-20T18:34:32 IST" duration-ms="21619">
    <groups>
    </groups>
    <test started-at="2022-10-20T18:34:10 IST" name="Default test" finished-at="2022-10-20T18:34:32 IST" duration-ms="21619">
      <class name="test.SwagLabLoginTest">
        <test-method is-config="true" signature="createReport()[pri:0, instance:test.SwagLabLoginTest@7ec7ffd3]" started-at="2022-10-20T18:34:10 IST" name="createReport" finished-at="2022-10-20T18:34:11 IST" duration-ms="907" status="PASS">
          <reporter-output>
          </reporter-output>
        </test-method> <!-- createReport -->
        <test-method is-config="true" signature="openBrowser()[pri:0, instance:test.SwagLabLoginTest@7ec7ffd3]" started-at="2022-10-20T18:34:11 IST" name="openBrowser" finished-at="2022-10-20T18:34:26 IST" duration-ms="14842" status="PASS">
          <reporter-output>
          </reporter-output>
        </test-method> <!-- openBrowser -->
        <test-method signature="LoginWithValidCredentials()[pri:0, instance:test.SwagLabLoginTest@7ec7ffd3]" started-at="2022-10-20T18:34:26 IST" name="LoginWithValidCredentials" finished-at="2022-10-20T18:34:31 IST" duration-ms="4883" status="PASS">
          <reporter-output>
          </reporter-output>
        </test-method> <!-- LoginWithValidCredentials -->
        <test-method is-config="true" signature="addResult(org.testng.ITestResult)[pri:0, instance:test.SwagLabLoginTest@7ec7ffd3]" started-at="2022-10-20T18:34:31 IST" name="addResult" finished-at="2022-10-20T18:34:31 IST" duration-ms="8" status="PASS">
          <params>
            <param index="0">
              <value>
                <![CDATA[[TestResult name=LoginWithValidCredentials status=SUCCESS method=SwagLabLoginTest.LoginWithValidCredentials()[pri:0, instance:test.SwagLabLoginTest@7ec7ffd3] output={null}]]]>
              </value>
            </param>
          </params>
          <reporter-output>
          </reporter-output>
        </test-method> <!-- addResult -->
        <test-method is-config="true" signature="flushReport()[pri:0, instance:test.SwagLabLoginTest@7ec7ffd3]" started-at="2022-10-20T18:34:31 IST" name="flushReport" finished-at="2022-10-20T18:34:32 IST" duration-ms="935" status="PASS">
          <reporter-output>
          </reporter-output>
        </test-method> <!-- flushReport -->
      </class> <!-- test.SwagLabLoginTest -->
    </test> <!-- Default test -->
  </suite> <!-- Default suite -->
</testng-results>
